<?xml version="1.0" encoding="UTF-8"?>
<testsuite xmlns:xsi="http://www.w3.org/2001/XMLSchema-instance" xsi:noNamespaceSchemaLocation="https://maven.apache.org/surefire/maven-surefire-plugin/xsd/surefire-test-report.xsd" version="3.0.2" name="com.vivoninc.core.CoreApplicationTests" time="6.615" tests="1" errors="0" skipped="0" failures="0">
  <properties>
    <property name="java.specification.version" value="21"/>
    <property name="sun.cpu.isalist" value="amd64"/>
    <property name="sun.jnu.encoding" value="Cp1252"/>
    <property name="java.class.path" value="C:\Users\josef\Desktop\vivon-core\target\test-classes;C:\Users\josef\Desktop\vivon-core\target\classes;C:\Users\josef\.m2\repository\org\springframework\boot\spring-boot-starter-actuator\3.5.0\spring-boot-starter-actuator-3.5.0.jar;C:\Users\josef\.m2\repository\org\springframework\boot\spring-boot-starter\3.5.0\spring-boot-starter-3.5.0.jar;C:\Users\josef\.m2\repository\org\springframework\boot\spring-boot\3.5.0\spring-boot-3.5.0.jar;C:\Users\josef\.m2\repository\org\springframework\boot\spring-boot-autoconfigure\3.5.0\spring-boot-autoconfigure-3.5.0.jar;C:\Users\josef\.m2\repository\org\springframework\boot\spring-boot-starter-logging\3.5.0\spring-boot-starter-logging-3.5.0.jar;C:\Users\josef\.m2\repository\ch\qos\logback\logback-classic\1.5.18\logback-classic-1.5.18.jar;C:\Users\josef\.m2\repository\ch\qos\logback\logback-core\1.5.18\logback-core-1.5.18.jar;C:\Users\josef\.m2\repository\org\apache\logging\log4j\log4j-to-slf4j\2.24.3\log4j-to-slf4j-2.24.3.jar;C:\Users\josef\.m2\repository\org\apache\logging\log4j\log4j-api\2.24.3\log4j-api-2.24.3.jar;C:\Users\josef\.m2\repository\org\slf4j\jul-to-slf4j\2.0.17\jul-to-slf4j-2.0.17.jar;C:\Users\josef\.m2\repository\jakarta\annotation\jakarta.annotation-api\2.1.1\jakarta.annotation-api-2.1.1.jar;C:\Users\josef\.m2\repository\org\yaml\snakeyaml\2.4\snakeyaml-2.4.jar;C:\Users\josef\.m2\repository\org\springframework\boot\spring-boot-actuator-autoconfigure\3.5.0\spring-boot-actuator-autoconfigure-3.5.0.jar;C:\Users\josef\.m2\repository\org\springframework\boot\spring-boot-actuator\3.5.0\spring-boot-actuator-3.5.0.jar;C:\Users\josef\.m2\repository\com\fasterxml\jackson\datatype\jackson-datatype-jsr310\2.19.0\jackson-datatype-jsr310-2.19.0.jar;C:\Users\josef\.m2\repository\io\micrometer\micrometer-observation\1.15.0\micrometer-observation-1.15.0.jar;C:\Users\josef\.m2\repository\io\micrometer\micrometer-commons\1.15.0\micrometer-commons-1.15.0.jar;C:\Users\josef\.m2\repository\io\micrometer\micrometer-jakarta9\1.15.0\micrometer-jakarta9-1.15.0.jar;C:\Users\josef\.m2\repository\io\micrometer\micrometer-core\1.15.0\micrometer-core-1.15.0.jar;C:\Users\josef\.m2\repository\org\hdrhistogram\HdrHistogram\2.2.2\HdrHistogram-2.2.2.jar;C:\Users\josef\.m2\repository\org\latencyutils\LatencyUtils\2.0.3\LatencyUtils-2.0.3.jar;C:\Users\josef\.m2\repository\org\springframework\boot\spring-boot-starter-data-neo4j\3.5.0\spring-boot-starter-data-neo4j-3.5.0.jar;C:\Users\josef\.m2\repository\org\springframework\data\spring-data-neo4j\7.5.0\spring-data-neo4j-7.5.0.jar;C:\Users\josef\.m2\repository\jakarta\transaction\jakarta.transaction-api\2.0.1\jakarta.transaction-api-2.0.1.jar;C:\Users\josef\.m2\repository\org\apiguardian\apiguardian-api\1.1.1\apiguardian-api-1.1.1.jar;C:\Users\josef\.m2\repository\org\neo4j\neo4j-cypher-dsl\2024.5.1\neo4j-cypher-dsl-2024.5.1.jar;C:\Users\josef\.m2\repository\org\neo4j\neo4j-cypher-dsl-schema-name-support\2024.5.1\neo4j-cypher-dsl-schema-name-support-2024.5.1.jar;C:\Users\josef\.m2\repository\org\neo4j\driver\neo4j-java-driver\5.28.5\neo4j-java-driver-5.28.5.jar;C:\Users\josef\.m2\repository\org\neo4j\bolt\neo4j-bolt-connection\2.0.0\neo4j-bolt-connection-2.0.0.jar;C:\Users\josef\.m2\repository\org\neo4j\bolt\neo4j-bolt-connection-netty\2.0.0\neo4j-bolt-connection-netty-2.0.0.jar;C:\Users\josef\.m2\repository\io\netty\netty-handler\4.1.121.Final\netty-handler-4.1.121.Final.jar;C:\Users\josef\.m2\repository\io\netty\netty-common\4.1.121.Final\netty-common-4.1.121.Final.jar;C:\Users\josef\.m2\repository\io\netty\netty-resolver\4.1.121.Final\netty-resolver-4.1.121.Final.jar;C:\Users\josef\.m2\repository\io\netty\netty-buffer\4.1.121.Final\netty-buffer-4.1.121.Final.jar;C:\Users\josef\.m2\repository\io\netty\netty-transport\4.1.121.Final\netty-transport-4.1.121.Final.jar;C:\Users\josef\.m2\repository\io\netty\netty-transport-native-unix-common\4.1.121.Final\netty-transport-native-unix-common-4.1.121.Final.jar;C:\Users\josef\.m2\repository\io\netty\netty-codec\4.1.121.Final\netty-codec-4.1.121.Final.jar;C:\Users\josef\.m2\repository\io\netty\netty-tcnative-classes\2.0.70.Final\netty-tcnative-classes-2.0.70.Final.jar;C:\Users\josef\.m2\repository\org\neo4j\bolt\neo4j-bolt-connection-pooled\2.0.0\neo4j-bolt-connection-pooled-2.0.0.jar;C:\Users\josef\.m2\repository\org\neo4j\bolt\neo4j-bolt-connection-routed\2.0.0\neo4j-bolt-connection-routed-2.0.0.jar;C:\Users\josef\.m2\repository\org\reactivestreams\reactive-streams\1.0.4\reactive-streams-1.0.4.jar;C:\Users\josef\.m2\repository\io\projectreactor\reactor-core\3.7.6\reactor-core-3.7.6.jar;C:\Users\josef\.m2\repository\org\springframework\spring-beans\6.2.7\spring-beans-6.2.7.jar;C:\Users\josef\.m2\repository\org\springframework\spring-context\6.2.7\spring-context-6.2.7.jar;C:\Users\josef\.m2\repository\org\springframework\spring-tx\6.2.7\spring-tx-6.2.7.jar;C:\Users\josef\.m2\repository\org\springframework\data\spring-data-commons\3.5.0\spring-data-commons-3.5.0.jar;C:\Users\josef\.m2\repository\org\slf4j\slf4j-api\2.0.17\slf4j-api-2.0.17.jar;C:\Users\josef\.m2\repository\org\springframework\boot\spring-boot-starter-jdbc\3.5.0\spring-boot-starter-jdbc-3.5.0.jar;C:\Users\josef\.m2\repository\com\zaxxer\HikariCP\6.3.0\HikariCP-6.3.0.jar;C:\Users\josef\.m2\repository\org\springframework\spring-jdbc\6.2.7\spring-jdbc-6.2.7.jar;C:\Users\josef\.m2\repository\org\springframework\boot\spring-boot-starter-web\3.5.0\spring-boot-starter-web-3.5.0.jar;C:\Users\josef\.m2\repository\org\springframework\boot\spring-boot-starter-json\3.5.0\spring-boot-starter-json-3.5.0.jar;C:\Users\josef\.m2\repository\com\fasterxml\jackson\datatype\jackson-datatype-jdk8\2.19.0\jackson-datatype-jdk8-2.19.0.jar;C:\Users\josef\.m2\repository\com\fasterxml\jackson\module\jackson-module-parameter-names\2.19.0\jackson-module-parameter-names-2.19.0.jar;C:\Users\josef\.m2\repository\org\springframework\boot\spring-boot-starter-tomcat\3.5.0\spring-boot-starter-tomcat-3.5.0.jar;C:\Users\josef\.m2\repository\org\apache\tomcat\embed\tomcat-embed-core\10.1.41\tomcat-embed-core-10.1.41.jar;C:\Users\josef\.m2\repository\org\apache\tomcat\embed\tomcat-embed-el\10.1.41\tomcat-embed-el-10.1.41.jar;C:\Users\josef\.m2\repository\org\apache\tomcat\embed\tomcat-embed-websocket\10.1.41\tomcat-embed-websocket-10.1.41.jar;C:\Users\josef\.m2\repository\org\springframework\spring-web\6.2.7\spring-web-6.2.7.jar;C:\Users\josef\.m2\repository\org\springframework\spring-webmvc\6.2.7\spring-webmvc-6.2.7.jar;C:\Users\josef\.m2\repository\org\springframework\spring-expression\6.2.7\spring-expression-6.2.7.jar;C:\Users\josef\.m2\repository\org\springframework\boot\spring-boot-starter-websocket\3.5.0\spring-boot-starter-websocket-3.5.0.jar;C:\Users\josef\.m2\repository\org\springframework\spring-messaging\6.2.7\spring-messaging-6.2.7.jar;C:\Users\josef\.m2\repository\org\springframework\spring-websocket\6.2.7\spring-websocket-6.2.7.jar;C:\Users\josef\.m2\repository\org\springframework\boot\spring-boot-starter-security\3.5.0\spring-boot-starter-security-3.5.0.jar;C:\Users\josef\.m2\repository\org\springframework\spring-aop\6.2.7\spring-aop-6.2.7.jar;C:\Users\josef\.m2\repository\org\springframework\security\spring-security-config\6.5.0\spring-security-config-6.5.0.jar;C:\Users\josef\.m2\repository\org\springframework\security\spring-security-core\6.5.0\spring-security-core-6.5.0.jar;C:\Users\josef\.m2\repository\org\springframework\security\spring-security-crypto\6.5.0\spring-security-crypto-6.5.0.jar;C:\Users\josef\.m2\repository\org\springframework\security\spring-security-web\6.5.0\spring-security-web-6.5.0.jar;C:\Users\josef\.m2\repository\com\mysql\mysql-connector-j\9.2.0\mysql-connector-j-9.2.0.jar;C:\Users\josef\.m2\repository\org\springframework\boot\spring-boot-starter-test\3.5.0\spring-boot-starter-test-3.5.0.jar;C:\Users\josef\.m2\repository\org\springframework\boot\spring-boot-test\3.5.0\spring-boot-test-3.5.0.jar;C:\Users\josef\.m2\repository\org\springframework\boot\spring-boot-test-autoconfigure\3.5.0\spring-boot-test-autoconfigure-3.5.0.jar;C:\Users\josef\.m2\repository\com\jayway\jsonpath\json-path\2.9.0\json-path-2.9.0.jar;C:\Users\josef\.m2\repository\jakarta\xml\bind\jakarta.xml.bind-api\4.0.2\jakarta.xml.bind-api-4.0.2.jar;C:\Users\josef\.m2\repository\jakarta\activation\jakarta.activation-api\2.1.3\jakarta.activation-api-2.1.3.jar;C:\Users\josef\.m2\repository\net\minidev\json-smart\2.5.2\json-smart-2.5.2.jar;C:\Users\josef\.m2\repository\net\minidev\accessors-smart\2.5.2\accessors-smart-2.5.2.jar;C:\Users\josef\.m2\repository\org\ow2\asm\asm\9.7.1\asm-9.7.1.jar;C:\Users\josef\.m2\repository\org\assertj\assertj-core\3.27.3\assertj-core-3.27.3.jar;C:\Users\josef\.m2\repository\net\bytebuddy\byte-buddy\1.17.5\byte-buddy-1.17.5.jar;C:\Users\josef\.m2\repository\org\awaitility\awaitility\4.3.0\awaitility-4.3.0.jar;C:\Users\josef\.m2\repository\org\hamcrest\hamcrest\3.0\hamcrest-3.0.jar;C:\Users\josef\.m2\repository\org\junit\jupiter\junit-jupiter\5.12.2\junit-jupiter-5.12.2.jar;C:\Users\josef\.m2\repository\org\junit\jupiter\junit-jupiter-api\5.12.2\junit-jupiter-api-5.12.2.jar;C:\Users\josef\.m2\repository\org\opentest4j\opentest4j\1.3.0\opentest4j-1.3.0.jar;C:\Users\josef\.m2\repository\org\junit\platform\junit-platform-commons\1.12.2\junit-platform-commons-1.12.2.jar;C:\Users\josef\.m2\repository\org\junit\jupiter\junit-jupiter-params\5.12.2\junit-jupiter-params-5.12.2.jar;C:\Users\josef\.m2\repository\org\junit\jupiter\junit-jupiter-engine\5.12.2\junit-jupiter-engine-5.12.2.jar;C:\Users\josef\.m2\repository\org\junit\platform\junit-platform-engine\1.12.2\junit-platform-engine-1.12.2.jar;C:\Users\josef\.m2\repository\org\mockito\mockito-core\5.17.0\mockito-core-5.17.0.jar;C:\Users\josef\.m2\repository\net\bytebuddy\byte-buddy-agent\1.17.5\byte-buddy-agent-1.17.5.jar;C:\Users\josef\.m2\repository\org\objenesis\objenesis\3.3\objenesis-3.3.jar;C:\Users\josef\.m2\repository\org\mockito\mockito-junit-jupiter\5.17.0\mockito-junit-jupiter-5.17.0.jar;C:\Users\josef\.m2\repository\org\skyscreamer\jsonassert\1.5.3\jsonassert-1.5.3.jar;C:\Users\josef\.m2\repository\com\vaadin\external\google\android-json\0.0.20131108.vaadin1\android-json-0.0.20131108.vaadin1.jar;C:\Users\josef\.m2\repository\org\springframework\spring-core\6.2.7\spring-core-6.2.7.jar;C:\Users\josef\.m2\repository\org\springframework\spring-jcl\6.2.7\spring-jcl-6.2.7.jar;C:\Users\josef\.m2\repository\org\springframework\spring-test\6.2.7\spring-test-6.2.7.jar;C:\Users\josef\.m2\repository\org\xmlunit\xmlunit-core\2.10.1\xmlunit-core-2.10.1.jar;C:\Users\josef\.m2\repository\io\jsonwebtoken\jjwt-api\0.11.5\jjwt-api-0.11.5.jar;C:\Users\josef\.m2\repository\io\jsonwebtoken\jjwt-impl\0.11.5\jjwt-impl-0.11.5.jar;C:\Users\josef\.m2\repository\io\jsonwebtoken\jjwt-jackson\0.11.5\jjwt-jackson-0.11.5.jar;C:\Users\josef\.m2\repository\com\fasterxml\jackson\core\jackson-databind\2.19.0\jackson-databind-2.19.0.jar;C:\Users\josef\.m2\repository\com\fasterxml\jackson\core\jackson-annotations\2.19.0\jackson-annotations-2.19.0.jar;C:\Users\josef\.m2\repository\com\fasterxml\jackson\core\jackson-core\2.19.0\jackson-core-2.19.0.jar;"/>
    <property name="java.vm.vendor" value="Eclipse Adoptium"/>
    <property name="sun.arch.data.model" value="64"/>
    <property name="user.variant" value=""/>
    <property name="java.vendor.url" value="https://adoptium.net/"/>
    <property name="user.timezone" value="Europe/Stockholm"/>
    <property name="user.country.format" value="SE"/>
    <property name="os.name" value="Windows 11"/>
    <property name="java.vm.specification.version" value="21"/>
    <property name="APPLICATION_NAME" value="core"/>
    <property name="sun.java.launcher" value="SUN_STANDARD"/>
    <property name="user.country" value="US"/>
    <property name="sun.boot.library.path" value="C:\Program Files\Eclipse Adoptium\jdk-21.0.5.11-hotspot\bin"/>
    <property name="sun.java.command" value="C:\Users\josef\AppData\Local\Temp\surefire8452530580852092638\surefirebooter-20250914180235620_3.jar C:\Users\josef\AppData\Local\Temp\surefire8452530580852092638 2025-09-14T18-02-35_477-jvmRun1 surefire-20250914180235620_1tmp surefire_0-20250914180235620_2tmp"/>
    <property name="jdk.debug" value="release"/>
    <property name="surefire.test.class.path" value="C:\Users\josef\Desktop\vivon-core\target\test-classes;C:\Users\josef\Desktop\vivon-core\target\classes;C:\Users\josef\.m2\repository\org\springframework\boot\spring-boot-starter-actuator\3.5.0\spring-boot-starter-actuator-3.5.0.jar;C:\Users\josef\.m2\repository\org\springframework\boot\spring-boot-starter\3.5.0\spring-boot-starter-3.5.0.jar;C:\Users\josef\.m2\repository\org\springframework\boot\spring-boot\3.5.0\spring-boot-3.5.0.jar;C:\Users\josef\.m2\repository\org\springframework\boot\spring-boot-autoconfigure\3.5.0\spring-boot-autoconfigure-3.5.0.jar;C:\Users\josef\.m2\repository\org\springframework\boot\spring-boot-starter-logging\3.5.0\spring-boot-starter-logging-3.5.0.jar;C:\Users\josef\.m2\repository\ch\qos\logback\logback-classic\1.5.18\logback-classic-1.5.18.jar;C:\Users\josef\.m2\repository\ch\qos\logback\logback-core\1.5.18\logback-core-1.5.18.jar;C:\Users\josef\.m2\repository\org\apache\logging\log4j\log4j-to-slf4j\2.24.3\log4j-to-slf4j-2.24.3.jar;C:\Users\josef\.m2\repository\org\apache\logging\log4j\log4j-api\2.24.3\log4j-api-2.24.3.jar;C:\Users\josef\.m2\repository\org\slf4j\jul-to-slf4j\2.0.17\jul-to-slf4j-2.0.17.jar;C:\Users\josef\.m2\repository\jakarta\annotation\jakarta.annotation-api\2.1.1\jakarta.annotation-api-2.1.1.jar;C:\Users\josef\.m2\repository\org\yaml\snakeyaml\2.4\snakeyaml-2.4.jar;C:\Users\josef\.m2\repository\org\springframework\boot\spring-boot-actuator-autoconfigure\3.5.0\spring-boot-actuator-autoconfigure-3.5.0.jar;C:\Users\josef\.m2\repository\org\springframework\boot\spring-boot-actuator\3.5.0\spring-boot-actuator-3.5.0.jar;C:\Users\josef\.m2\repository\com\fasterxml\jackson\datatype\jackson-datatype-jsr310\2.19.0\jackson-datatype-jsr310-2.19.0.jar;C:\Users\josef\.m2\repository\io\micrometer\micrometer-observation\1.15.0\micrometer-observation-1.15.0.jar;C:\Users\josef\.m2\repository\io\micrometer\micrometer-commons\1.15.0\micrometer-commons-1.15.0.jar;C:\Users\josef\.m2\repository\io\micrometer\micrometer-jakarta9\1.15.0\micrometer-jakarta9-1.15.0.jar;C:\Users\josef\.m2\repository\io\micrometer\micrometer-core\1.15.0\micrometer-core-1.15.0.jar;C:\Users\josef\.m2\repository\org\hdrhistogram\HdrHistogram\2.2.2\HdrHistogram-2.2.2.jar;C:\Users\josef\.m2\repository\org\latencyutils\LatencyUtils\2.0.3\LatencyUtils-2.0.3.jar;C:\Users\josef\.m2\repository\org\springframework\boot\spring-boot-starter-data-neo4j\3.5.0\spring-boot-starter-data-neo4j-3.5.0.jar;C:\Users\josef\.m2\repository\org\springframework\data\spring-data-neo4j\7.5.0\spring-data-neo4j-7.5.0.jar;C:\Users\josef\.m2\repository\jakarta\transaction\jakarta.transaction-api\2.0.1\jakarta.transaction-api-2.0.1.jar;C:\Users\josef\.m2\repository\org\apiguardian\apiguardian-api\1.1.1\apiguardian-api-1.1.1.jar;C:\Users\josef\.m2\repository\org\neo4j\neo4j-cypher-dsl\2024.5.1\neo4j-cypher-dsl-2024.5.1.jar;C:\Users\josef\.m2\repository\org\neo4j\neo4j-cypher-dsl-schema-name-support\2024.5.1\neo4j-cypher-dsl-schema-name-support-2024.5.1.jar;C:\Users\josef\.m2\repository\org\neo4j\driver\neo4j-java-driver\5.28.5\neo4j-java-driver-5.28.5.jar;C:\Users\josef\.m2\repository\org\neo4j\bolt\neo4j-bolt-connection\2.0.0\neo4j-bolt-connection-2.0.0.jar;C:\Users\josef\.m2\repository\org\neo4j\bolt\neo4j-bolt-connection-netty\2.0.0\neo4j-bolt-connection-netty-2.0.0.jar;C:\Users\josef\.m2\repository\io\netty\netty-handler\4.1.121.Final\netty-handler-4.1.121.Final.jar;C:\Users\josef\.m2\repository\io\netty\netty-common\4.1.121.Final\netty-common-4.1.121.Final.jar;C:\Users\josef\.m2\repository\io\netty\netty-resolver\4.1.121.Final\netty-resolver-4.1.121.Final.jar;C:\Users\josef\.m2\repository\io\netty\netty-buffer\4.1.121.Final\netty-buffer-4.1.121.Final.jar;C:\Users\josef\.m2\repository\io\netty\netty-transport\4.1.121.Final\netty-transport-4.1.121.Final.jar;C:\Users\josef\.m2\repository\io\netty\netty-transport-native-unix-common\4.1.121.Final\netty-transport-native-unix-common-4.1.121.Final.jar;C:\Users\josef\.m2\repository\io\netty\netty-codec\4.1.121.Final\netty-codec-4.1.121.Final.jar;C:\Users\josef\.m2\repository\io\netty\netty-tcnative-classes\2.0.70.Final\netty-tcnative-classes-2.0.70.Final.jar;C:\Users\josef\.m2\repository\org\neo4j\bolt\neo4j-bolt-connection-pooled\2.0.0\neo4j-bolt-connection-pooled-2.0.0.jar;C:\Users\josef\.m2\repository\org\neo4j\bolt\neo4j-bolt-connection-routed\2.0.0\neo4j-bolt-connection-routed-2.0.0.jar;C:\Users\josef\.m2\repository\org\reactivestreams\reactive-streams\1.0.4\reactive-streams-1.0.4.jar;C:\Users\josef\.m2\repository\io\projectreactor\reactor-core\3.7.6\reactor-core-3.7.6.jar;C:\Users\josef\.m2\repository\org\springframework\spring-beans\6.2.7\spring-beans-6.2.7.jar;C:\Users\josef\.m2\repository\org\springframework\spring-context\6.2.7\spring-context-6.2.7.jar;C:\Users\josef\.m2\repository\org\springframework\spring-tx\6.2.7\spring-tx-6.2.7.jar;C:\Users\josef\.m2\repository\org\springframework\data\spring-data-commons\3.5.0\spring-data-commons-3.5.0.jar;C:\Users\josef\.m2\repository\org\slf4j\slf4j-api\2.0.17\slf4j-api-2.0.17.jar;C:\Users\josef\.m2\repository\org\springframework\boot\spring-boot-starter-jdbc\3.5.0\spring-boot-starter-jdbc-3.5.0.jar;C:\Users\josef\.m2\repository\com\zaxxer\HikariCP\6.3.0\HikariCP-6.3.0.jar;C:\Users\josef\.m2\repository\org\springframework\spring-jdbc\6.2.7\spring-jdbc-6.2.7.jar;C:\Users\josef\.m2\repository\org\springframework\boot\spring-boot-starter-web\3.5.0\spring-boot-starter-web-3.5.0.jar;C:\Users\josef\.m2\repository\org\springframework\boot\spring-boot-starter-json\3.5.0\spring-boot-starter-json-3.5.0.jar;C:\Users\josef\.m2\repository\com\fasterxml\jackson\datatype\jackson-datatype-jdk8\2.19.0\jackson-datatype-jdk8-2.19.0.jar;C:\Users\josef\.m2\repository\com\fasterxml\jackson\module\jackson-module-parameter-names\2.19.0\jackson-module-parameter-names-2.19.0.jar;C:\Users\josef\.m2\repository\org\springframework\boot\spring-boot-starter-tomcat\3.5.0\spring-boot-starter-tomcat-3.5.0.jar;C:\Users\josef\.m2\repository\org\apache\tomcat\embed\tomcat-embed-core\10.1.41\tomcat-embed-core-10.1.41.jar;C:\Users\josef\.m2\repository\org\apache\tomcat\embed\tomcat-embed-el\10.1.41\tomcat-embed-el-10.1.41.jar;C:\Users\josef\.m2\repository\org\apache\tomcat\embed\tomcat-embed-websocket\10.1.41\tomcat-embed-websocket-10.1.41.jar;C:\Users\josef\.m2\repository\org\springframework\spring-web\6.2.7\spring-web-6.2.7.jar;C:\Users\josef\.m2\repository\org\springframework\spring-webmvc\6.2.7\spring-webmvc-6.2.7.jar;C:\Users\josef\.m2\repository\org\springframework\spring-expression\6.2.7\spring-expression-6.2.7.jar;C:\Users\josef\.m2\repository\org\springframework\boot\spring-boot-starter-websocket\3.5.0\spring-boot-starter-websocket-3.5.0.jar;C:\Users\josef\.m2\repository\org\springframework\spring-messaging\6.2.7\spring-messaging-6.2.7.jar;C:\Users\josef\.m2\repository\org\springframework\spring-websocket\6.2.7\spring-websocket-6.2.7.jar;C:\Users\josef\.m2\repository\org\springframework\boot\spring-boot-starter-security\3.5.0\spring-boot-starter-security-3.5.0.jar;C:\Users\josef\.m2\repository\org\springframework\spring-aop\6.2.7\spring-aop-6.2.7.jar;C:\Users\josef\.m2\repository\org\springframework\security\spring-security-config\6.5.0\spring-security-config-6.5.0.jar;C:\Users\josef\.m2\repository\org\springframework\security\spring-security-core\6.5.0\spring-security-core-6.5.0.jar;C:\Users\josef\.m2\repository\org\springframework\security\spring-security-crypto\6.5.0\spring-security-crypto-6.5.0.jar;C:\Users\josef\.m2\repository\org\springframework\security\spring-security-web\6.5.0\spring-security-web-6.5.0.jar;C:\Users\josef\.m2\repository\com\mysql\mysql-connector-j\9.2.0\mysql-connector-j-9.2.0.jar;C:\Users\josef\.m2\repository\org\springframework\boot\spring-boot-starter-test\3.5.0\spring-boot-starter-test-3.5.0.jar;C:\Users\josef\.m2\repository\org\springframework\boot\spring-boot-test\3.5.0\spring-boot-test-3.5.0.jar;C:\Users\josef\.m2\repository\org\springframework\boot\spring-boot-test-autoconfigure\3.5.0\spring-boot-test-autoconfigure-3.5.0.jar;C:\Users\josef\.m2\repository\com\jayway\jsonpath\json-path\2.9.0\json-path-2.9.0.jar;C:\Users\josef\.m2\repository\jakarta\xml\bind\jakarta.xml.bind-api\4.0.2\jakarta.xml.bind-api-4.0.2.jar;C:\Users\josef\.m2\repository\jakarta\activation\jakarta.activation-api\2.1.3\jakarta.activation-api-2.1.3.jar;C:\Users\josef\.m2\repository\net\minidev\json-smart\2.5.2\json-smart-2.5.2.jar;C:\Users\josef\.m2\repository\net\minidev\accessors-smart\2.5.2\accessors-smart-2.5.2.jar;C:\Users\josef\.m2\repository\org\ow2\asm\asm\9.7.1\asm-9.7.1.jar;C:\Users\josef\.m2\repository\org\assertj\assertj-core\3.27.3\assertj-core-3.27.3.jar;C:\Users\josef\.m2\repository\net\bytebuddy\byte-buddy\1.17.5\byte-buddy-1.17.5.jar;C:\Users\josef\.m2\repository\org\awaitility\awaitility\4.3.0\awaitility-4.3.0.jar;C:\Users\josef\.m2\repository\org\hamcrest\hamcrest\3.0\hamcrest-3.0.jar;C:\Users\josef\.m2\repository\org\junit\jupiter\junit-jupiter\5.12.2\junit-jupiter-5.12.2.jar;C:\Users\josef\.m2\repository\org\junit\jupiter\junit-jupiter-api\5.12.2\junit-jupiter-api-5.12.2.jar;C:\Users\josef\.m2\repository\org\opentest4j\opentest4j\1.3.0\opentest4j-1.3.0.jar;C:\Users\josef\.m2\repository\org\junit\platform\junit-platform-commons\1.12.2\junit-platform-commons-1.12.2.jar;C:\Users\josef\.m2\repository\org\junit\jupiter\junit-jupiter-params\5.12.2\junit-jupiter-params-5.12.2.jar;C:\Users\josef\.m2\repository\org\junit\jupiter\junit-jupiter-engine\5.12.2\junit-jupiter-engine-5.12.2.jar;C:\Users\josef\.m2\repository\org\junit\platform\junit-platform-engine\1.12.2\junit-platform-engine-1.12.2.jar;C:\Users\josef\.m2\repository\org\mockito\mockito-core\5.17.0\mockito-core-5.17.0.jar;C:\Users\josef\.m2\repository\net\bytebuddy\byte-buddy-agent\1.17.5\byte-buddy-agent-1.17.5.jar;C:\Users\josef\.m2\repository\org\objenesis\objenesis\3.3\objenesis-3.3.jar;C:\Users\josef\.m2\repository\org\mockito\mockito-junit-jupiter\5.17.0\mockito-junit-jupiter-5.17.0.jar;C:\Users\josef\.m2\repository\org\skyscreamer\jsonassert\1.5.3\jsonassert-1.5.3.jar;C:\Users\josef\.m2\repository\com\vaadin\external\google\android-json\0.0.20131108.vaadin1\android-json-0.0.20131108.vaadin1.jar;C:\Users\josef\.m2\repository\org\springframework\spring-core\6.2.7\spring-core-6.2.7.jar;C:\Users\josef\.m2\repository\org\springframework\spring-jcl\6.2.7\spring-jcl-6.2.7.jar;C:\Users\josef\.m2\repository\org\springframework\spring-test\6.2.7\spring-test-6.2.7.jar;C:\Users\josef\.m2\repository\org\xmlunit\xmlunit-core\2.10.1\xmlunit-core-2.10.1.jar;C:\Users\josef\.m2\repository\io\jsonwebtoken\jjwt-api\0.11.5\jjwt-api-0.11.5.jar;C:\Users\josef\.m2\repository\io\jsonwebtoken\jjwt-impl\0.11.5\jjwt-impl-0.11.5.jar;C:\Users\josef\.m2\repository\io\jsonwebtoken\jjwt-jackson\0.11.5\jjwt-jackson-0.11.5.jar;C:\Users\josef\.m2\repository\com\fasterxml\jackson\core\jackson-databind\2.19.0\jackson-databind-2.19.0.jar;C:\Users\josef\.m2\repository\com\fasterxml\jackson\core\jackson-annotations\2.19.0\jackson-annotations-2.19.0.jar;C:\Users\josef\.m2\repository\com\fasterxml\jackson\core\jackson-core\2.19.0\jackson-core-2.19.0.jar;"/>
    <property name="sun.cpu.endian" value="little"/>
    <property name="user.home" value="C:\Users\josef"/>
    <property name="user.language" value="en"/>
    <property name="java.specification.vendor" value="Oracle Corporation"/>
    <property name="java.version.date" value="2024-10-15"/>
    <property name="java.home" value="C:\Program Files\Eclipse Adoptium\jdk-21.0.5.11-hotspot"/>
    <property name="file.separator" value="\"/>
    <property name="basedir" value="C:\Users\josef\Desktop\vivon-core"/>
    <property name="java.vm.compressedOopsMode" value="32-bit"/>
    <property name="line.separator" value="&#10;"/>
    <property name="java.vm.specification.vendor" value="Oracle Corporation"/>
    <property name="java.specification.name" value="Java Platform API Specification"/>
    <property name="FILE_LOG_CHARSET" value="UTF-8"/>
    <property name="java.awt.headless" value="true"/>
    <property name="surefire.real.class.path" value="C:\Users\josef\AppData\Local\Temp\surefire8452530580852092638\surefirebooter-20250914180235620_3.jar"/>
    <property name="user.script" value=""/>
    <property name="sun.management.compiler" value="HotSpot 64-Bit Tiered Compilers"/>
    <property name="java.runtime.version" value="21.0.5+11-LTS"/>
    <property name="user.name" value="josef"/>
    <property name="stdout.encoding" value="UTF-8"/>
    <property name="path.separator" value=";"/>
    <property name="os.version" value="10.0"/>
    <property name="java.runtime.name" value="OpenJDK Runtime Environment"/>
    <property name="file.encoding" value="UTF-8"/>
    <property name="java.vm.name" value="OpenJDK 64-Bit Server VM"/>
    <property name="java.vendor.version" value="Temurin-21.0.5+11"/>
    <property name="localRepository" value="C:\Users\josef\.m2\repository"/>
    <property name="java.vendor.url.bug" value="https://github.com/adoptium/adoptium-support/issues"/>
    <property name="java.io.tmpdir" value="C:\Users\josef\AppData\Local\Temp\"/>
    <property name="java.version" value="21.0.5"/>
    <property name="user.dir" value="C:\Users\josef\Desktop\vivon-core"/>
    <property name="os.arch" value="amd64"/>
    <property name="java.vm.specification.name" value="Java Virtual Machine Specification"/>
    <property name="PID" value="17700"/>
    <property name="sun.os.patch.level" value=""/>
    <property name="CONSOLE_LOG_CHARSET" value="UTF-8"/>
    <property name="native.encoding" value="Cp1252"/>
    <property name="java.library.path" value="C:\Program Files\Eclipse Adoptium\jdk-21.0.5.11-hotspot\bin;C:\WINDOWS\Sun\Java\bin;C:\WINDOWS\system32;C:\WINDOWS;C:\Users\josef\anaconda3;C:\Users\josef\anaconda3\Library\mingw-w64\bin;C:\Users\josef\anaconda3\Library\usr\bin;C:\Users\josef\anaconda3\Library\bin;C:\Users\josef\anaconda3\Scripts;C:\Users\josef\anaconda3\bin;C:\Users\josef\anaconda3\condabin;C:\Users\josef\anaconda3;C:\Users\josef\anaconda3\Library\mingw-w64\bin;C:\Users\josef\anaconda3\Library\usr\bin;C:\Users\josef\anaconda3\Library\bin;C:\Users\josef\anaconda3\Scripts;C:\Users\josef\anaconda3\bin;C:\Program Files\Eclipse Adoptium\jdk-21.0.5.11-hotspot\bin;C:\Program Files (x86)\Microsoft Visual Studio\2022\BuildTools\VC\Tools\MSVC\14.42.34433\bin\HostX86\x86;C:\Program Files\Docker\Docker\resources\bin;C:\WINDOWS\system32;C:\WINDOWS;C:\WINDOWS\System32\Wbem;C:\WINDOWS\System32\WindowsPowerShell\v1.0;C:\WINDOWS\System32\OpenSSH;C:\Users\josef\Downloads\apache-maven-3.9.10-bin\apache-maven-3.9.10\bin;C:\Program Files\MySQL\MySQL Shell 8.0\bin;C:\Users\josef\AppData\Local\Programs\Eclipse Adoptium\jdk-17.0.4.101-hotspot\bin;C:\Users\josef\anaconda3;C:\Users\josef\anaconda3\Library\mingw-w64\bin;C:\Users\josef\anaconda3\Library\usr\bin;C:\Users\josef\anaconda3\Library\bin;C:\Users\josef\anaconda3\Scripts;C:\Users\josef\AppData\Local\Microsoft\WindowsApps;C:\Users\josef\AppData\Local\Programs\Microsoft VS Code\bin;C:\FlutterSDK\flutter\bin;C:\Users\josef\AppData\Roaming\npm;C:\Program Files\JetBrains\IntelliJ IDEA 2024.3.1\bin;.;C:\msys64\ucrt64\bin;C:\msys64\mingw64\bin;C:\Windows\System32;C:\Program Files\nodejs;.;C:\Program Files\Eclipse Adoptium\jdk-21.0.5.11-hotspot\bin;C:\Program Files\Eclipse Adoptium\jdk-21.0.5.11-hotspot\bin;C:\Program Files (x86)\Microsoft Visual Studio\2022\BuildTools\VC\Tools\MSVC\14.42.34433\bin\HostX86\x86;C:\Program Files\Docker\Docker\resources\bin;C:\WINDOWS\system32;C:\WINDOWS;C:\WINDOWS\System32\Wbem;C:\WINDOWS\System32\WindowsPowerShell\v1.0\;C:\WINDOWS\System32\OpenSSH\;C:\Users\josef\Downloads\apache-maven-3.9.10-bin\apache-maven-3.9.10\bin;C:\Program Files\MySQL\MySQL Shell 8.0\bin\;C:\Users\josef\AppData\Local\Programs\Eclipse Adoptium\jdk-17.0.4.101-hotspot\bin;C:\Users\josef\anaconda3;C:\Users\josef\anaconda3\Library\mingw-w64\bin;C:\Users\josef\anaconda3\Library\usr\bin;C:\Users\josef\anaconda3\Library\bin;C:\Users\josef\anaconda3\Scripts;C:\Users\josef\AppData\Local\Microsoft\WindowsApps;C:\Users\josef\AppData\Local\Programs\Microsoft VS Code\bin;C:\FlutterSDK\flutter\bin;C:\Users\josef\AppData\Roaming\npm;C:\Program Files\JetBrains\IntelliJ IDEA 2024.3.1\bin;;C:\msys64\ucrt64\bin;C:\msys64\mingw64\bin;C:\Windows\System32;C:\Program Files\nodejs;;."/>
    <property name="java.vm.info" value="mixed mode, sharing"/>
    <property name="stderr.encoding" value="UTF-8"/>
    <property name="java.vendor" value="Eclipse Adoptium"/>
    <property name="java.vm.version" value="21.0.5+11-LTS"/>
    <property name="sun.io.unicode.encoding" value="UnicodeLittle"/>
    <property name="java.class.version" value="65.0"/>
    <property name="LOGGED_APPLICATION_NAME" value="[core] "/>
  </properties>
  <testcase name="contextLoads" classname="com.vivoninc.core.CoreApplicationTests" time="0.839">
    <system-out><![CDATA[18:02:36.719 [main] INFO org.springframework.test.context.support.AnnotationConfigContextLoaderUtils -- Could not detect default configuration classes for test class [com.vivoninc.core.CoreApplicationTests]: CoreApplicationTests does not declare any static, non-private, non-final, nested classes annotated with @Configuration.
18:02:36.893 [main] INFO org.springframework.boot.test.context.SpringBootTestContextBootstrapper -- Found @SpringBootConfiguration com.vivoninc.core.CoreApplication for test class com.vivoninc.core.CoreApplicationTests

  .   ____          _            __ _ _
 /\\ / ___'_ __ _ _(_)_ __  __ _ \ \ \ \
( ( )\___ | '_ | '_| | '_ \/ _` | \ \ \ \
 \\/  ___)| |_)| | | | | || (_| |  ) ) ) )
  '  |____| .__|_| |_|_| |_\__, | / / / /
 =========|_|==============|___/=/_/_/_/

 :: Spring Boot ::                (v3.5.0)

2025-09-14T18:02:37.588+02:00  INFO 17700 --- [core] [           main] com.vivoninc.core.CoreApplicationTests   : Starting CoreApplicationTests using Java 21.0.5 with PID 17700 (started by josef in C:\Users\josef\Desktop\vivon-core)
2025-09-14T18:02:37.589+02:00 DEBUG 17700 --- [core] [           main] com.vivoninc.core.CoreApplicationTests   : Running with Spring Boot v3.5.0, Spring v6.2.7
2025-09-14T18:02:37.590+02:00  INFO 17700 --- [core] [           main] com.vivoninc.core.CoreApplicationTests   : No active profile set, falling back to 1 default profile: "default"
2025-09-14T18:02:38.981+02:00 DEBUG 17700 --- [core] [           main] o.s.d.n.repository.config.StartupLogger  : Bootstrapping reactive Neo4j repositories based on SDN v7.5.0 with Spring Data Commons v3.5.0 and Neo4j Driver v5.28.5.
2025-09-14T18:02:38.982+02:00  INFO 17700 --- [core] [           main] .s.d.r.c.RepositoryConfigurationDelegate : Bootstrapping Spring Data Neo4j repositories in DEFAULT mode.
2025-09-14T18:02:39.011+02:00  INFO 17700 --- [core] [           main] .s.d.r.c.RepositoryConfigurationDelegate : Finished Spring Data repository scanning in 19 ms. Found 0 Neo4j repository interfaces.
2025-09-14T18:02:39.018+02:00 DEBUG 17700 --- [core] [           main] o.s.d.n.repository.config.StartupLogger  : Bootstrapping imperative Neo4j repositories based on SDN v7.5.0 with Spring Data Commons v3.5.0 and Neo4j Driver v5.28.5.
2025-09-14T18:02:39.019+02:00  INFO 17700 --- [core] [           main] .s.d.r.c.RepositoryConfigurationDelegate : Bootstrapping Spring Data Neo4j repositories in DEFAULT mode.
2025-09-14T18:02:39.024+02:00  INFO 17700 --- [core] [           main] .s.d.r.c.RepositoryConfigurationDelegate : Finished Spring Data repository scanning in 3 ms. Found 0 Neo4j repository interfaces.
2025-09-14T18:02:40.141+02:00  INFO 17700 --- [core] [           main] o.neo4j.driver.internal.DriverFactory    : Direct driver instance 184667021 created for server address localhost:7687
Starting Neo4j initialization...
2025-09-14T18:02:40.348+02:00 DEBUG 17700 --- [core] [           main] org.springframework.data.neo4j.cypher    : Executing:
RETURN 'Connection successful' as message
2025-09-14T18:02:40.412+02:00 DEBUG 17700 --- [core] [           main] o.n.d.io.netty.channel.DefaultChannelId  : -Dio.netty.processId: 17700 (auto-detected)
2025-09-14T18:02:40.420+02:00 DEBUG 17700 --- [core] [           main] org.neo4j.driver.io.netty.util.NetUtil   : -Djava.net.preferIPv4Stack: false
2025-09-14T18:02:40.420+02:00 DEBUG 17700 --- [core] [           main] org.neo4j.driver.io.netty.util.NetUtil   : -Djava.net.preferIPv6Addresses: false
2025-09-14T18:02:40.426+02:00 DEBUG 17700 --- [core] [           main] o.n.d.i.n.util.NetUtilInitializations    : Loopback interface: loopback_0 (Software Loopback Interface 1, 0:0:0:0:0:0:0:1)
2025-09-14T18:02:40.427+02:00 DEBUG 17700 --- [core] [           main] org.neo4j.driver.io.netty.util.NetUtil   : Failed to get SOMAXCONN from sysctl and file \proc\sys\net\core\somaxconn. Default: 200
2025-09-14T18:02:40.430+02:00 DEBUG 17700 --- [core] [           main] o.n.d.io.netty.channel.DefaultChannelId  : -Dio.netty.machineId: 00:ff:ae:ff:fe:7f:e9:37 (auto-detected)
2025-09-14T18:02:40.440+02:00 DEBUG 17700 --- [core] [           main] o.n.d.i.netty.util.ResourceLeakDetector  : -Dio.netty.leakDetection.level: simple
2025-09-14T18:02:40.441+02:00 DEBUG 17700 --- [core] [           main] o.n.d.i.netty.util.ResourceLeakDetector  : -Dio.netty.leakDetection.targetRecords: 4
2025-09-14T18:02:40.463+02:00 DEBUG 17700 --- [core] [           main] o.n.d.i.n.buffer.PooledByteBufAllocator  : -Dio.netty.allocator.numHeapArenas: 16
2025-09-14T18:02:40.463+02:00 DEBUG 17700 --- [core] [           main] o.n.d.i.n.buffer.PooledByteBufAllocator  : -Dio.netty.allocator.numDirectArenas: 16
2025-09-14T18:02:40.463+02:00 DEBUG 17700 --- [core] [           main] o.n.d.i.n.buffer.PooledByteBufAllocator  : -Dio.netty.allocator.pageSize: 8192
2025-09-14T18:02:40.464+02:00 DEBUG 17700 --- [core] [           main] o.n.d.i.n.buffer.PooledByteBufAllocator  : -Dio.netty.allocator.maxOrder: 9
2025-09-14T18:02:40.464+02:00 DEBUG 17700 --- [core] [           main] o.n.d.i.n.buffer.PooledByteBufAllocator  : -Dio.netty.allocator.chunkSize: 4194304
2025-09-14T18:02:40.464+02:00 DEBUG 17700 --- [core] [           main] o.n.d.i.n.buffer.PooledByteBufAllocator  : -Dio.netty.allocator.smallCacheSize: 256
2025-09-14T18:02:40.464+02:00 DEBUG 17700 --- [core] [           main] o.n.d.i.n.buffer.PooledByteBufAllocator  : -Dio.netty.allocator.normalCacheSize: 64
2025-09-14T18:02:40.464+02:00 DEBUG 17700 --- [core] [           main] o.n.d.i.n.buffer.PooledByteBufAllocator  : -Dio.netty.allocator.maxCachedBufferCapacity: 32768
2025-09-14T18:02:40.464+02:00 DEBUG 17700 --- [core] [           main] o.n.d.i.n.buffer.PooledByteBufAllocator  : -Dio.netty.allocator.cacheTrimInterval: 8192
2025-09-14T18:02:40.464+02:00 DEBUG 17700 --- [core] [           main] o.n.d.i.n.buffer.PooledByteBufAllocator  : -Dio.netty.allocator.cacheTrimIntervalMillis: 0
2025-09-14T18:02:40.464+02:00 DEBUG 17700 --- [core] [           main] o.n.d.i.n.buffer.PooledByteBufAllocator  : -Dio.netty.allocator.useCacheForAllThreads: false
2025-09-14T18:02:40.464+02:00 DEBUG 17700 --- [core] [           main] o.n.d.i.n.buffer.PooledByteBufAllocator  : -Dio.netty.allocator.maxCachedByteBuffersPerChunk: 1023
2025-09-14T18:02:40.465+02:00 DEBUG 17700 --- [core] [           main] o.n.d.i.n.buffer.PooledByteBufAllocator  : -Dio.netty.allocator.disableCacheFinalizersForFastThreadLocalThreads: false
2025-09-14T18:02:40.474+02:00 DEBUG 17700 --- [core] [           main] o.n.driver.io.netty.buffer.ByteBufUtil   : -Dio.netty.allocator.type: pooled
2025-09-14T18:02:40.474+02:00 DEBUG 17700 --- [core] [           main] o.n.driver.io.netty.buffer.ByteBufUtil   : -Dio.netty.threadLocalDirectBufferSize: 0
2025-09-14T18:02:40.475+02:00 DEBUG 17700 --- [core] [           main] o.n.driver.io.netty.buffer.ByteBufUtil   : -Dio.netty.maxThreadLocalCharBufferSize: 16384
2025-09-14T18:02:40.480+02:00 DEBUG 17700 --- [core] [           main] o.n.d.i.n.b.ChannelInitializerExtensions : -Dio.netty.bootstrap.extensions: null
2025-09-14T18:02:40.505+02:00 DEBUG 17700 --- [core] [o4jDriverIO-2-1] .d.o.n.b.c.n.NettyBoltConnectionProvider : Failed to establish BoltConnection localhost:7687

org.neo4j.bolt.connection.exception.BoltServiceUnavailableException: Unable to connect to localhost:7687, ensure the database is running and that there is a working network connection to it.
	at org.neo4j.bolt.connection.netty.impl.async.connection.ChannelConnectedListener.databaseUnavailableError(ChannelConnectedListener.java:81) ~[neo4j-bolt-connection-netty-2.0.0.jar:na]
	at org.neo4j.bolt.connection.netty.impl.async.connection.ChannelConnectedListener.operationComplete(ChannelConnectedListener.java:75) ~[neo4j-bolt-connection-netty-2.0.0.jar:na]
	at org.neo4j.bolt.connection.netty.impl.async.connection.ChannelConnectedListener.operationComplete(ChannelConnectedListener.java:34) ~[neo4j-bolt-connection-netty-2.0.0.jar:na]
	at io.netty.util.concurrent.DefaultPromise.notifyListener0(DefaultPromise.java:603) ~[netty-common-4.1.121.Final.jar:4.1.121.Final]
	at io.netty.util.concurrent.DefaultPromise.notifyListeners0(DefaultPromise.java:596) ~[netty-common-4.1.121.Final.jar:4.1.121.Final]
	at io.netty.util.concurrent.DefaultPromise.notifyListenersNow(DefaultPromise.java:572) ~[netty-common-4.1.121.Final.jar:4.1.121.Final]
	at io.netty.util.concurrent.DefaultPromise.notifyListeners(DefaultPromise.java:505) ~[netty-common-4.1.121.Final.jar:4.1.121.Final]
	at io.netty.util.concurrent.DefaultPromise.setValue0(DefaultPromise.java:649) ~[netty-common-4.1.121.Final.jar:4.1.121.Final]
	at io.netty.util.concurrent.DefaultPromise.setFailure0(DefaultPromise.java:642) ~[netty-common-4.1.121.Final.jar:4.1.121.Final]
	at io.netty.util.concurrent.DefaultPromise.tryFailure(DefaultPromise.java:131) ~[netty-common-4.1.121.Final.jar:4.1.121.Final]
	at io.netty.channel.nio.AbstractNioChannel$AbstractNioUnsafe.fulfillConnectPromise(AbstractNioChannel.java:326) ~[netty-transport-4.1.121.Final.jar:4.1.121.Final]
	at io.netty.channel.nio.AbstractNioChannel$AbstractNioUnsafe.finishConnect(AbstractNioChannel.java:342) ~[netty-transport-4.1.121.Final.jar:4.1.121.Final]
	at io.netty.channel.nio.NioEventLoop.processSelectedKey(NioEventLoop.java:784) ~[netty-transport-4.1.121.Final.jar:4.1.121.Final]
	at io.netty.channel.nio.NioEventLoop.processSelectedKeysOptimized(NioEventLoop.java:732) ~[netty-transport-4.1.121.Final.jar:4.1.121.Final]
	at io.netty.channel.nio.NioEventLoop.processSelectedKeys(NioEventLoop.java:658) ~[netty-transport-4.1.121.Final.jar:4.1.121.Final]
	at io.netty.channel.nio.NioEventLoop.run(NioEventLoop.java:562) ~[netty-transport-4.1.121.Final.jar:4.1.121.Final]
	at io.netty.util.concurrent.SingleThreadEventExecutor$4.run(SingleThreadEventExecutor.java:998) ~[netty-common-4.1.121.Final.jar:4.1.121.Final]
	at io.netty.util.internal.ThreadExecutorMap$2.run(ThreadExecutorMap.java:74) ~[netty-common-4.1.121.Final.jar:4.1.121.Final]
	at io.netty.util.concurrent.FastThreadLocalRunnable.run(FastThreadLocalRunnable.java:30) ~[netty-common-4.1.121.Final.jar:4.1.121.Final]
	at java.base/java.lang.Thread.run(Thread.java:1583) ~[na:na]
Caused by: io.netty.channel.AbstractChannel$AnnotatedConnectException: Connection refused: getsockopt: localhost/127.0.0.1:7687
Caused by: java.net.ConnectException: Connection refused: getsockopt
	at java.base/sun.nio.ch.Net.pollConnect(Native Method) ~[na:na]
	at java.base/sun.nio.ch.Net.pollConnectNow(Net.java:682) ~[na:na]
	at java.base/sun.nio.ch.SocketChannelImpl.finishConnect(SocketChannelImpl.java:973) ~[na:na]
	at io.netty.channel.socket.nio.NioSocketChannel.doFinishConnect(NioSocketChannel.java:336) ~[netty-transport-4.1.121.Final.jar:4.1.121.Final]
	at io.netty.channel.nio.AbstractNioChannel$AbstractNioUnsafe.finishConnect(AbstractNioChannel.java:339) ~[netty-transport-4.1.121.Final.jar:4.1.121.Final]
	at io.netty.channel.nio.NioEventLoop.processSelectedKey(NioEventLoop.java:784) ~[netty-transport-4.1.121.Final.jar:4.1.121.Final]
	at io.netty.channel.nio.NioEventLoop.processSelectedKeysOptimized(NioEventLoop.java:732) ~[netty-transport-4.1.121.Final.jar:4.1.121.Final]
	at io.netty.channel.nio.NioEventLoop.processSelectedKeys(NioEventLoop.java:658) ~[netty-transport-4.1.121.Final.jar:4.1.121.Final]
	at io.netty.channel.nio.NioEventLoop.run(NioEventLoop.java:562) ~[netty-transport-4.1.121.Final.jar:4.1.121.Final]
	at io.netty.util.concurrent.SingleThreadEventExecutor$4.run(SingleThreadEventExecutor.java:998) ~[netty-common-4.1.121.Final.jar:4.1.121.Final]
	at io.netty.util.internal.ThreadExecutorMap$2.run(ThreadExecutorMap.java:74) ~[netty-common-4.1.121.Final.jar:4.1.121.Final]
	at io.netty.util.concurrent.FastThreadLocalRunnable.run(FastThreadLocalRunnable.java:30) ~[netty-common-4.1.121.Final.jar:4.1.121.Final]
	at java.base/java.lang.Thread.run(Thread.java:1583) ~[na:na]

2025-09-14T18:02:40.848+02:00 TRACE 17700 --- [core] [           main] s.w.s.m.m.a.RequestMappingHandlerMapping : 
	c.v.C.CorsTestController:
	{GET [/api/test]}: testCors()
	{OPTIONS [/api/test]}: handleOptions()
2025-09-14T18:02:40.851+02:00 TRACE 17700 --- [core] [           main] s.w.s.m.m.a.RequestMappingHandlerMapping : 
	c.v.C.DebugController:
	{GET [/debug/cors]}: testCors()
	{OPTIONS [/debug/cors]}: handleCorsOptions()
	{POST [/debug/auth-test]}: testAuthEndpoint(Map)
2025-09-14T18:02:40.854+02:00 TRACE 17700 --- [core] [           main] s.w.s.m.m.a.RequestMappingHandlerMapping : 
	c.v.C.LoginAuthorization:
	{POST [/api/auth/register]}: register(Registration)
	{POST [/api/auth/login]}: login(LoginRequest)
2025-09-14T18:02:40.856+02:00 TRACE 17700 --- [core] [           main] s.w.s.m.m.a.RequestMappingHandlerMapping : 
	c.v.C.MessageController:
	{GET [/api/messages/last25]}: getLast25Messages(int)
	{POST [/api/messages/createConversation]}: createConversation(String,String,List)
	{POST [/api/messages/send]}: sendMessage(Message)
	{GET [/api/messages/before]}: getMessagesBefore(int,String,int)
	{GET [/api/messages/conversationExists]}: conversationExists(int,int)
	{GET [/api/messages/getConversationGroups]}: getConversationGroups(int)
	{POST [/api/messages/addToConv]}: addUserToConversation(Map)
	{GET [/api/messages/getDirectConversations]}: getDirectConversations(int,int)
2025-09-14T18:02:40.859+02:00 TRACE 17700 --- [core] [           main] s.w.s.m.m.a.RequestMappingHandlerMapping : 
	c.v.C.UserController:
	{POST [/api/users/acceptFriendRequest]}: acceptFriendRequest(Map)
	{GET [/api/users/getFriendDescription]}: getFriendDescription(int,int)
	{POST [/api/users/declineFriendRequest]}: declineFriendRequest(Map)
	{PUT [/api/users/addDescription]}: setFriendDescription(Map)
	{GET [/api/users/getUsernameAndAvatar]}: getUsernameAndAvatar(String)
	{GET [/api/users/friends]}: getUsersFriends()
	{DELETE [/api/users/removeFriend]}: removeFriend(int,int)
	{GET [/api/users/incFriendRequests]}: getFriendRequests(int)
	{POST [/api/users/sendFriendRequest]}: sendFriendRequest(Map)
	{GET [/api/users/me]}: getMyUserId()
2025-09-14T18:02:40.876+02:00 TRACE 17700 --- [core] [           main] s.w.s.m.m.a.RequestMappingHandlerMapping : 
	o.s.b.a.w.s.e.BasicErrorController:
	{ [/error]}: error(HttpServletRequest)
	{ [/error], produces [text/html]}: errorHtml(HttpServletRequest,HttpServletResponse)
2025-09-14T18:02:40.902+02:00 DEBUG 17700 --- [core] [           main] s.w.s.m.m.a.RequestMappingHandlerMapping : 27 mappings in 'requestMappingHandlerMapping'
2025-09-14T18:02:41.277+02:00  INFO 17700 --- [core] [           main] o.s.b.a.e.web.EndpointLinksResolver      : Exposing 1 endpoint beneath base path '/actuator'
2025-09-14T18:02:41.317+02:00 DEBUG 17700 --- [core] [           main] swordEncoderAuthenticationManagerBuilder : No authenticationProviders and no parentAuthenticationManager defined. Returning null.
SECURITY CONFIG: Building security filter chain...
SECURITY CONFIG: Authorization configured - OPTIONS permitted
2025-09-14T18:02:41.490+02:00 DEBUG 17700 --- [core] [           main] o.s.s.web.DefaultSecurityFilterChain     : Will secure any request with filters: DisableEncodeUrlFilter, WebAsyncManagerIntegrationFilter, SecurityContextHolderFilter, HeaderWriterFilter, CorsFilter, LogoutFilter, JwtAuthenticationFilter, RequestCacheAwareFilter, SecurityContextHolderAwareRequestFilter, AnonymousAuthenticationFilter, SessionManagementFilter, ExceptionTranslationFilter, AuthorizationFilter
2025-09-14T18:02:42.127+02:00  INFO 17700 --- [core] [           main] com.vivoninc.core.CoreApplicationTests   : Started CoreApplicationTests in 4.958 seconds (process running for 6.333)
]]></system-out>
    <system-err><![CDATA[Neo4j connection failed: Unable to connect to localhost:7687, ensure the database is running and that there is a working network connection to it.; Error code 'N/A'
Error during Neo4j initialization: Unable to connect to localhost:7687, ensure the database is running and that there is a working network connection to it.; Error code 'N/A'
org.springframework.dao.TransientDataAccessResourceException: Unable to connect to localhost:7687, ensure the database is running and that there is a working network connection to it.; Error code 'N/A'
	at org.springframework.data.neo4j.core.Neo4jPersistenceExceptionTranslator.translateImpl(Neo4jPersistenceExceptionTranslator.java:107)
	at org.springframework.data.neo4j.core.Neo4jPersistenceExceptionTranslator.translateExceptionIfPossible(Neo4jPersistenceExceptionTranslator.java:73)
	at org.springframework.data.neo4j.core.DefaultNeo4jClient.potentiallyConvertRuntimeException(DefaultNeo4jClient.java:222)
	at org.springframework.data.neo4j.core.DefaultNeo4jClient$DefaultRecordFetchSpec.one(DefaultNeo4jClient.java:450)
	at com.vivoninc.core.Neo4jInitializer.testConnection(Neo4jInitializer.java:45)
	at com.vivoninc.core.Neo4jInitializer.init(Neo4jInitializer.java:23)
	at java.base/jdk.internal.reflect.DirectMethodHandleAccessor.invoke(DirectMethodHandleAccessor.java:103)
	at java.base/java.lang.reflect.Method.invoke(Method.java:580)
	at org.springframework.beans.factory.annotation.InitDestroyAnnotationBeanPostProcessor$LifecycleMethod.invoke(InitDestroyAnnotationBeanPostProcessor.java:457)
	at org.springframework.beans.factory.annotation.InitDestroyAnnotationBeanPostProcessor$LifecycleMetadata.invokeInitMethods(InitDestroyAnnotationBeanPostProcessor.java:401)
	at org.springframework.beans.factory.annotation.InitDestroyAnnotationBeanPostProcessor.postProcessBeforeInitialization(InitDestroyAnnotationBeanPostProcessor.java:219)
	at org.springframework.beans.factory.support.AbstractAutowireCapableBeanFactory.applyBeanPostProcessorsBeforeInitialization(AbstractAutowireCapableBeanFactory.java:429)
	at org.springframework.beans.factory.support.AbstractAutowireCapableBeanFactory.initializeBean(AbstractAutowireCapableBeanFactory.java:1818)
	at org.springframework.beans.factory.support.AbstractAutowireCapableBeanFactory.doCreateBean(AbstractAutowireCapableBeanFactory.java:607)
	at org.springframework.beans.factory.support.AbstractAutowireCapableBeanFactory.createBean(AbstractAutowireCapableBeanFactory.java:529)
	at org.springframework.beans.factory.support.AbstractBeanFactory.lambda$doGetBean$0(AbstractBeanFactory.java:339)
	at org.springframework.beans.factory.support.DefaultSingletonBeanRegistry.getSingleton(DefaultSingletonBeanRegistry.java:373)
	at org.springframework.beans.factory.support.AbstractBeanFactory.doGetBean(AbstractBeanFactory.java:337)
	at org.springframework.beans.factory.support.AbstractBeanFactory.getBean(AbstractBeanFactory.java:202)
	at org.springframework.beans.factory.support.DefaultListableBeanFactory.instantiateSingleton(DefaultListableBeanFactory.java:1222)
	at org.springframework.beans.factory.support.DefaultListableBeanFactory.preInstantiateSingleton(DefaultListableBeanFactory.java:1188)
	at org.springframework.beans.factory.support.DefaultListableBeanFactory.preInstantiateSingletons(DefaultListableBeanFactory.java:1123)
	at org.springframework.context.support.AbstractApplicationContext.finishBeanFactoryInitialization(AbstractApplicationContext.java:987)
	at org.springframework.context.support.AbstractApplicationContext.refresh(AbstractApplicationContext.java:627)
	at org.springframework.boot.SpringApplication.refresh(SpringApplication.java:753)
	at org.springframework.boot.SpringApplication.refreshContext(SpringApplication.java:439)
	at org.springframework.boot.SpringApplication.run(SpringApplication.java:318)
	at org.springframework.boot.test.context.SpringBootContextLoader.lambda$loadContext$3(SpringBootContextLoader.java:144)
	at org.springframework.util.function.ThrowingSupplier.get(ThrowingSupplier.java:58)
	at org.springframework.util.function.ThrowingSupplier.get(ThrowingSupplier.java:46)
	at org.springframework.boot.SpringApplication.withHook(SpringApplication.java:1462)
	at org.springframework.boot.test.context.SpringBootContextLoader$ContextLoaderHook.run(SpringBootContextLoader.java:563)
	at org.springframework.boot.test.context.SpringBootContextLoader.loadContext(SpringBootContextLoader.java:144)
	at org.springframework.boot.test.context.SpringBootContextLoader.loadContext(SpringBootContextLoader.java:110)
	at org.springframework.test.context.cache.DefaultCacheAwareContextLoaderDelegate.loadContextInternal(DefaultCacheAwareContextLoaderDelegate.java:225)
	at org.springframework.test.context.cache.DefaultCacheAwareContextLoaderDelegate.loadContext(DefaultCacheAwareContextLoaderDelegate.java:152)
	at org.springframework.test.context.support.DefaultTestContext.getApplicationContext(DefaultTestContext.java:130)
	at org.springframework.test.context.web.ServletTestExecutionListener.setUpRequestContextIfNecessary(ServletTestExecutionListener.java:200)
	at org.springframework.test.context.web.ServletTestExecutionListener.prepareTestInstance(ServletTestExecutionListener.java:139)
	at org.springframework.test.context.TestContextManager.prepareTestInstance(TestContextManager.java:260)
	at org.springframework.test.context.junit.jupiter.SpringExtension.postProcessTestInstance(SpringExtension.java:159)
	at org.junit.jupiter.engine.descriptor.ClassBasedTestDescriptor.lambda$invokeTestInstancePostProcessors$10(ClassBasedTestDescriptor.java:383)
	at org.junit.jupiter.engine.descriptor.ClassBasedTestDescriptor.executeAndMaskThrowable(ClassBasedTestDescriptor.java:388)
	at org.junit.jupiter.engine.descriptor.ClassBasedTestDescriptor.lambda$invokeTestInstancePostProcessors$11(ClassBasedTestDescriptor.java:382)
	at java.base/java.util.stream.ForEachOps$ForEachOp$OfRef.accept(ForEachOps.java:184)
	at java.base/java.util.stream.ReferencePipeline$3$1.accept(ReferencePipeline.java:197)
	at java.base/java.util.stream.ReferencePipeline$2$1.accept(ReferencePipeline.java:179)
	at java.base/java.util.stream.ReferencePipeline$3$1.accept(ReferencePipeline.java:197)
	at java.base/java.util.ArrayList$ArrayListSpliterator.forEachRemaining(ArrayList.java:1708)
	at java.base/java.util.stream.AbstractPipeline.copyInto(AbstractPipeline.java:509)
	at java.base/java.util.stream.AbstractPipeline.wrapAndCopyInto(AbstractPipeline.java:499)
	at java.base/java.util.stream.ForEachOps$ForEachOp.evaluateSequential(ForEachOps.java:151)
	at java.base/java.util.stream.ForEachOps$ForEachOp$OfRef.evaluateSequential(ForEachOps.java:174)
	at java.base/java.util.stream.AbstractPipeline.evaluate(AbstractPipeline.java:234)
	at java.base/java.util.stream.ReferencePipeline.forEach(ReferencePipeline.java:596)
	at org.junit.jupiter.engine.descriptor.ClassBasedTestDescriptor.invokeTestInstancePostProcessors(ClassBasedTestDescriptor.java:382)
	at org.junit.jupiter.engine.descriptor.ClassBasedTestDescriptor.lambda$instantiateAndPostProcessTestInstance$6(ClassBasedTestDescriptor.java:293)
	at org.junit.platform.engine.support.hierarchical.ThrowableCollector.execute(ThrowableCollector.java:73)
	at org.junit.jupiter.engine.descriptor.ClassBasedTestDescriptor.instantiateAndPostProcessTestInstance(ClassBasedTestDescriptor.java:292)
	at org.junit.jupiter.engine.descriptor.ClassBasedTestDescriptor.lambda$testInstancesProvider$4(ClassBasedTestDescriptor.java:281)
	at java.base/java.util.Optional.orElseGet(Optional.java:364)
	at org.junit.jupiter.engine.descriptor.ClassBasedTestDescriptor.lambda$testInstancesProvider$5(ClassBasedTestDescriptor.java:280)
	at org.junit.jupiter.engine.execution.TestInstancesProvider.getTestInstances(TestInstancesProvider.java:27)
	at org.junit.jupiter.engine.descriptor.TestMethodTestDescriptor.lambda$prepare$0(TestMethodTestDescriptor.java:112)
	at org.junit.platform.engine.support.hierarchical.ThrowableCollector.execute(ThrowableCollector.java:73)
	at org.junit.jupiter.engine.descriptor.TestMethodTestDescriptor.prepare(TestMethodTestDescriptor.java:111)
	at org.junit.jupiter.engine.descriptor.TestMethodTestDescriptor.prepare(TestMethodTestDescriptor.java:69)
	at org.junit.platform.engine.support.hierarchical.NodeTestTask.lambda$prepare$2(NodeTestTask.java:128)
	at org.junit.platform.engine.support.hierarchical.ThrowableCollector.execute(ThrowableCollector.java:73)
	at org.junit.platform.engine.support.hierarchical.NodeTestTask.prepare(NodeTestTask.java:128)
	at org.junit.platform.engine.support.hierarchical.NodeTestTask.execute(NodeTestTask.java:95)
	at java.base/java.util.ArrayList.forEach(ArrayList.java:1596)
	at org.junit.platform.engine.support.hierarchical.SameThreadHierarchicalTestExecutorService.invokeAll(SameThreadHierarchicalTestExecutorService.java:41)
	at org.junit.platform.engine.support.hierarchical.NodeTestTask.lambda$executeRecursively$6(NodeTestTask.java:160)
	at org.junit.platform.engine.support.hierarchical.ThrowableCollector.execute(ThrowableCollector.java:73)
	at org.junit.platform.engine.support.hierarchical.NodeTestTask.lambda$executeRecursively$8(NodeTestTask.java:146)
	at org.junit.platform.engine.support.hierarchical.Node.around(Node.java:137)
	at org.junit.platform.engine.support.hierarchical.NodeTestTask.lambda$executeRecursively$9(NodeTestTask.java:144)
	at org.junit.platform.engine.support.hierarchical.ThrowableCollector.execute(ThrowableCollector.java:73)
	at org.junit.platform.engine.support.hierarchical.NodeTestTask.executeRecursively(NodeTestTask.java:143)
	at org.junit.platform.engine.support.hierarchical.NodeTestTask.execute(NodeTestTask.java:100)
	at java.base/java.util.ArrayList.forEach(ArrayList.java:1596)
	at org.junit.platform.engine.support.hierarchical.SameThreadHierarchicalTestExecutorService.invokeAll(SameThreadHierarchicalTestExecutorService.java:41)
	at org.junit.platform.engine.support.hierarchical.NodeTestTask.lambda$executeRecursively$6(NodeTestTask.java:160)
	at org.junit.platform.engine.support.hierarchical.ThrowableCollector.execute(ThrowableCollector.java:73)
	at org.junit.platform.engine.support.hierarchical.NodeTestTask.lambda$executeRecursively$8(NodeTestTask.java:146)
	at org.junit.platform.engine.support.hierarchical.Node.around(Node.java:137)
	at org.junit.platform.engine.support.hierarchical.NodeTestTask.lambda$executeRecursively$9(NodeTestTask.java:144)
	at org.junit.platform.engine.support.hierarchical.ThrowableCollector.execute(ThrowableCollector.java:73)
	at org.junit.platform.engine.support.hierarchical.NodeTestTask.executeRecursively(NodeTestTask.java:143)
	at org.junit.platform.engine.support.hierarchical.NodeTestTask.execute(NodeTestTask.java:100)
	at org.junit.platform.engine.support.hierarchical.SameThreadHierarchicalTestExecutorService.submit(SameThreadHierarchicalTestExecutorService.java:35)
	at org.junit.platform.engine.support.hierarchical.HierarchicalTestExecutor.execute(HierarchicalTestExecutor.java:57)
	at org.junit.platform.engine.support.hierarchical.HierarchicalTestEngine.execute(HierarchicalTestEngine.java:54)
	at org.junit.platform.launcher.core.EngineExecutionOrchestrator.execute(EngineExecutionOrchestrator.java:201)
	at org.junit.platform.launcher.core.EngineExecutionOrchestrator.execute(EngineExecutionOrchestrator.java:170)
	at org.junit.platform.launcher.core.EngineExecutionOrchestrator.execute(EngineExecutionOrchestrator.java:94)
	at org.junit.platform.launcher.core.EngineExecutionOrchestrator.lambda$execute$0(EngineExecutionOrchestrator.java:59)
	at org.junit.platform.launcher.core.EngineExecutionOrchestrator.withInterceptedStreams(EngineExecutionOrchestrator.java:142)
	at org.junit.platform.launcher.core.EngineExecutionOrchestrator.execute(EngineExecutionOrchestrator.java:58)
	at org.junit.platform.launcher.core.DefaultLauncher.execute(DefaultLauncher.java:103)
	at org.junit.platform.launcher.core.DefaultLauncher.execute(DefaultLauncher.java:85)
	at org.junit.platform.launcher.core.DelegatingLauncher.execute(DelegatingLauncher.java:47)
	at org.junit.platform.launcher.core.InterceptingLauncher.lambda$execute$1(InterceptingLauncher.java:39)
	at org.junit.platform.launcher.core.ClasspathAlignmentCheckingLauncherInterceptor.intercept(ClasspathAlignmentCheckingLauncherInterceptor.java:25)
	at org.junit.platform.launcher.core.InterceptingLauncher.execute(InterceptingLauncher.java:38)
	at org.junit.platform.launcher.core.DelegatingLauncher.execute(DelegatingLauncher.java:47)
	at org.apache.maven.surefire.junitplatform.LazyLauncher.execute(LazyLauncher.java:56)
	at org.apache.maven.surefire.junitplatform.JUnitPlatformProvider.execute(JUnitPlatformProvider.java:194)
	at org.apache.maven.surefire.junitplatform.JUnitPlatformProvider.invokeAllTests(JUnitPlatformProvider.java:150)
	at org.apache.maven.surefire.junitplatform.JUnitPlatformProvider.invoke(JUnitPlatformProvider.java:124)
	at org.apache.maven.surefire.booter.ForkedBooter.runSuitesInProcess(ForkedBooter.java:385)
	at org.apache.maven.surefire.booter.ForkedBooter.execute(ForkedBooter.java:162)
	at org.apache.maven.surefire.booter.ForkedBooter.run(ForkedBooter.java:507)
	at org.apache.maven.surefire.booter.ForkedBooter.main(ForkedBooter.java:495)
Caused by: org.neo4j.driver.exceptions.ServiceUnavailableException: Unable to connect to localhost:7687, ensure the database is running and that there is a working network connection to it.
	at org.neo4j.driver.internal.util.Futures.blockingGet(Futures.java:64)
	at org.neo4j.driver.internal.InternalSession.run(InternalSession.java:63)
	at org.neo4j.driver.internal.InternalSession.run(InternalSession.java:48)
	at org.neo4j.driver.internal.AbstractQueryRunner.run(AbstractQueryRunner.java:32)
	at org.neo4j.driver.internal.AbstractQueryRunner.run(AbstractQueryRunner.java:37)
	at org.springframework.data.neo4j.core.DefaultNeo4jClient$DelegatingQueryRunner.run(DefaultNeo4jClient.java:136)
	at org.springframework.data.neo4j.core.DefaultNeo4jClient$RunnableStatement.runWith(DefaultNeo4jClient.java:208)
	at org.springframework.data.neo4j.core.DefaultNeo4jClient$DefaultRecordFetchSpec.one(DefaultNeo4jClient.java:443)
	... 111 more
	Suppressed: org.neo4j.driver.internal.util.ErrorUtil$InternalExceptionCause
		at org.neo4j.driver.internal.adaptedbolt.ErrorMapper.mapServiceUnavailable(ErrorMapper.java:198)
		at org.neo4j.driver.internal.adaptedbolt.ErrorMapper.map(ErrorMapper.java:85)
		at org.neo4j.driver.internal.adaptedbolt.ErrorMapper.mapAndTrow(ErrorMapper.java:66)
		at java.base/java.util.concurrent.CompletableFuture.uniExceptionally(CompletableFuture.java:990)
		at java.base/java.util.concurrent.CompletableFuture$UniExceptionally.tryFire(CompletableFuture.java:974)
		at java.base/java.util.concurrent.CompletableFuture.postComplete(CompletableFuture.java:510)
		at java.base/java.util.concurrent.CompletableFuture.completeExceptionally(CompletableFuture.java:2194)
		at org.neo4j.bolt.connection.pooled.PooledBoltConnectionProvider.lambda$connect$16(PooledBoltConnectionProvider.java:368)
		at java.base/java.util.concurrent.CompletableFuture.uniWhenComplete(CompletableFuture.java:863)
		at java.base/java.util.concurrent.CompletableFuture$UniWhenComplete.tryFire(CompletableFuture.java:841)
		at java.base/java.util.concurrent.CompletableFuture.postComplete(CompletableFuture.java:510)
		at java.base/java.util.concurrent.CompletableFuture.completeExceptionally(CompletableFuture.java:2194)
		at org.neo4j.bolt.connection.netty.impl.async.connection.ChannelConnectedListener.operationComplete(ChannelConnectedListener.java:75)
		at org.neo4j.bolt.connection.netty.impl.async.connection.ChannelConnectedListener.operationComplete(ChannelConnectedListener.java:34)
		at io.netty.util.concurrent.DefaultPromise.notifyListener0(DefaultPromise.java:603)
		at io.netty.util.concurrent.DefaultPromise.notifyListeners0(DefaultPromise.java:596)
		at io.netty.util.concurrent.DefaultPromise.notifyListenersNow(DefaultPromise.java:572)
		at io.netty.util.concurrent.DefaultPromise.notifyListeners(DefaultPromise.java:505)
		at io.netty.util.concurrent.DefaultPromise.setValue0(DefaultPromise.java:649)
		at io.netty.util.concurrent.DefaultPromise.setFailure0(DefaultPromise.java:642)
		at io.netty.util.concurrent.DefaultPromise.tryFailure(DefaultPromise.java:131)
		at io.netty.channel.nio.AbstractNioChannel$AbstractNioUnsafe.fulfillConnectPromise(AbstractNioChannel.java:326)
		at io.netty.channel.nio.AbstractNioChannel$AbstractNioUnsafe.finishConnect(AbstractNioChannel.java:342)
		at io.netty.channel.nio.NioEventLoop.processSelectedKey(NioEventLoop.java:784)
		at io.netty.channel.nio.NioEventLoop.processSelectedKeysOptimized(NioEventLoop.java:732)
		at io.netty.channel.nio.NioEventLoop.processSelectedKeys(NioEventLoop.java:658)
		at io.netty.channel.nio.NioEventLoop.run(NioEventLoop.java:562)
		at io.netty.util.concurrent.SingleThreadEventExecutor$4.run(SingleThreadEventExecutor.java:998)
		at io.netty.util.internal.ThreadExecutorMap$2.run(ThreadExecutorMap.java:74)
		at io.netty.util.concurrent.FastThreadLocalRunnable.run(FastThreadLocalRunnable.java:30)
		at java.base/java.lang.Thread.run(Thread.java:1583)
Caused by: org.neo4j.bolt.connection.exception.BoltServiceUnavailableException: Unable to connect to localhost:7687, ensure the database is running and that there is a working network connection to it.
	at org.neo4j.bolt.connection.netty.impl.async.connection.ChannelConnectedListener.databaseUnavailableError(ChannelConnectedListener.java:81)
	at org.neo4j.bolt.connection.netty.impl.async.connection.ChannelConnectedListener.operationComplete(ChannelConnectedListener.java:75)
	at org.neo4j.bolt.connection.netty.impl.async.connection.ChannelConnectedListener.operationComplete(ChannelConnectedListener.java:34)
	at io.netty.util.concurrent.DefaultPromise.notifyListener0(DefaultPromise.java:603)
	at io.netty.util.concurrent.DefaultPromise.notifyListeners0(DefaultPromise.java:596)
	at io.netty.util.concurrent.DefaultPromise.notifyListenersNow(DefaultPromise.java:572)
	at io.netty.util.concurrent.DefaultPromise.notifyListeners(DefaultPromise.java:505)
	at io.netty.util.concurrent.DefaultPromise.setValue0(DefaultPromise.java:649)
	at io.netty.util.concurrent.DefaultPromise.setFailure0(DefaultPromise.java:642)
	at io.netty.util.concurrent.DefaultPromise.tryFailure(DefaultPromise.java:131)
	at io.netty.channel.nio.AbstractNioChannel$AbstractNioUnsafe.fulfillConnectPromise(AbstractNioChannel.java:326)
	at io.netty.channel.nio.AbstractNioChannel$AbstractNioUnsafe.finishConnect(AbstractNioChannel.java:342)
	at io.netty.channel.nio.NioEventLoop.processSelectedKey(NioEventLoop.java:784)
	at io.netty.channel.nio.NioEventLoop.processSelectedKeysOptimized(NioEventLoop.java:732)
	at io.netty.channel.nio.NioEventLoop.processSelectedKeys(NioEventLoop.java:658)
	at io.netty.channel.nio.NioEventLoop.run(NioEventLoop.java:562)
	at io.netty.util.concurrent.SingleThreadEventExecutor$4.run(SingleThreadEventExecutor.java:998)
	at io.netty.util.internal.ThreadExecutorMap$2.run(ThreadExecutorMap.java:74)
	at io.netty.util.concurrent.FastThreadLocalRunnable.run(FastThreadLocalRunnable.java:30)
	at java.base/java.lang.Thread.run(Thread.java:1583)
Caused by: io.netty.channel.AbstractChannel$AnnotatedConnectException: Connection refused: getsockopt: localhost/127.0.0.1:7687
Caused by: java.net.ConnectException: Connection refused: getsockopt
	at java.base/sun.nio.ch.Net.pollConnect(Native Method)
	at java.base/sun.nio.ch.Net.pollConnectNow(Net.java:682)
	at java.base/sun.nio.ch.SocketChannelImpl.finishConnect(SocketChannelImpl.java:973)
	at io.netty.channel.socket.nio.NioSocketChannel.doFinishConnect(NioSocketChannel.java:336)
	at io.netty.channel.nio.AbstractNioChannel$AbstractNioUnsafe.finishConnect(AbstractNioChannel.java:339)
	at io.netty.channel.nio.NioEventLoop.processSelectedKey(NioEventLoop.java:784)
	at io.netty.channel.nio.NioEventLoop.processSelectedKeysOptimized(NioEventLoop.java:732)
	at io.netty.channel.nio.NioEventLoop.processSelectedKeys(NioEventLoop.java:658)
	at io.netty.channel.nio.NioEventLoop.run(NioEventLoop.java:562)
	at io.netty.util.concurrent.SingleThreadEventExecutor$4.run(SingleThreadEventExecutor.java:998)
	at io.netty.util.internal.ThreadExecutorMap$2.run(ThreadExecutorMap.java:74)
	at io.netty.util.concurrent.FastThreadLocalRunnable.run(FastThreadLocalRunnable.java:30)
	at java.base/java.lang.Thread.run(Thread.java:1583)
Mockito is currently self-attaching to enable the inline-mock-maker. This will no longer work in future releases of the JDK. Please add Mockito as an agent to your build as described in Mockito's documentation: https://javadoc.io/doc/org.mockito/mockito-core/latest/org.mockito/org/mockito/Mockito.html#0.3
WARNING: A Java agent has been loaded dynamically (C:\Users\josef\.m2\repository\net\bytebuddy\byte-buddy-agent\1.17.5\byte-buddy-agent-1.17.5.jar)
WARNING: If a serviceability tool is in use, please run with -XX:+EnableDynamicAgentLoading to hide this warning
WARNING: If a serviceability tool is not in use, please run with -Djdk.instrument.traceUsage for more information
WARNING: Dynamic loading of agents will be disallowed by default in a future release
]]></system-err>
  </testcase>
</testsuite>